<?xml version="1.0" encoding="UTF-8"?>
<testng-results skipped="0" failed="0" ignored="0" total="1" passed="1">
  <reporter-output>
  </reporter-output>
  <suite name="Suite" duration-ms="8614" started-at="2020-10-24T21:25:31 IST" finished-at="2020-10-24T21:25:40 IST">
    <groups>
    </groups>
    <test name="Test" duration-ms="8614" started-at="2020-10-24T21:25:31 IST" finished-at="2020-10-24T21:25:40 IST">
      <class name="chrome.Login">
        <test-method status="PASS" signature="loginToLeafTaps()[pri:0, instance:chrome.Login@627551fb]" name="loginToLeafTaps" duration-ms="8557" started-at="2020-10-24T21:25:31 IST" finished-at="2020-10-24T21:25:40 IST">
          <reporter-output>
          </reporter-output>
        </test-method> <!-- loginToLeafTaps -->
      </class> <!-- chrome.Login -->
    </test> <!-- Test -->
  </suite> <!-- Suite -->
</testng-results>
